<?xml version="1.0" encoding="UTF-8"?>
<!-- Generated by org.testng.reporters.JUnitXMLReporter -->
<testsuite ignored="0" hostname="MSI" failures="1" tests="1" name="EdgeTest" time="91.547" errors="0" timestamp="2023-09-07T13:16:34 IST">
  <testcase classname="com.Bestbuy.tests.BestBuyAddItemsTest" name="add_Items_toCart" time="90.882">
    <failure type="java.lang.AssertionError">
      <![CDATA[java.lang.AssertionError
at com.Bestbuy.utils.Reports.reportStep(Reports.java:77)
at com.Bestbuy.utils.SelWrappers.click(SelWrappers.java:143)
at com.Bestbuy.pages.BestBuyAddItemsPage.searchAndAddItems(BestBuyAddItemsPage.java:175)
at com.Bestbuy.utils.BestWrappers.bestBuyAddItemsToCart(BestWrappers.java:39)
at com.Bestbuy.tests.BestBuyAddItemsTest.add_Items_toCart(BestBuyAddItemsTest.java:22)
at java.base/java.util.ArrayList.forEach(ArrayList.java:1511)
... Removed 27 stack frames]]>
    </failure>
  </testcase> <!-- add_Items_toCart -->
</testsuite> <!-- EdgeTest -->
