<?xml version="1.0" encoding="UTF-8"?>
<!-- Generated by org.testng.reporters.JUnitXMLReporter -->
<testsuite ignored="1" hostname="MSI" failures="1" tests="5" name="Test" time="422.664" errors="0" timestamp="2023-09-06T19:00:40 IST">
  <testcase classname="com.Bestbuy.tests.BestBuyMenuTest" name="menuNavigation" time="30.242">
    <failure type="java.lang.AssertionError" message="expected [true] but found [false]">
      <![CDATA[java.lang.AssertionError: expected [true] but found [false]
at com.Bestbuy.pages.BestBuyMenuPage.menunavigation(BestBuyMenuPage.java:27)
at com.Bestbuy.utils.BestWrappers.bestBuyMenuPage(BestWrappers.java:27)
at com.Bestbuy.tests.BestBuyMenuTest.menuNavigation(BestBuyMenuTest.java:22)
at java.base/java.util.ArrayList.forEach(ArrayList.java:1511)
... Removed 31 stack frames]]>
    </failure>
  </testcase> <!-- menuNavigation -->
  <testcase classname="com.Bestbuy.tests.BestBuyBottomPageTest" name="bottomLinkValidation" time="121.608"/>
  <testcase classname="com.Bestbuy.tests.BestBuyAddItemsTest" name="add_Items_toCart" time="149.384"/>
  <testcase classname="com.Bestbuy.tests.BestBuySignin_NegativeTest" name="signIn_invalidCredentials" time="56.882"/>
  <testcase classname="com.Bestbuy.tests.BestBuySearch_NegativeTest" name="signIn_invalidCredentials" time="63.011"/>
  <testcase classname="com.Bestbuy.tests.BestBuySignupTest" name="signUpPage" time="0.0">
    <ignored/>
  </testcase> <!-- signUpPage -->
</testsuite> <!-- Test -->
